WARNING: Job 'scheduled task 794' (PID: 87570) took 07:53
ERROR: Job 'scheduled task 374' (PID: 23703) took 13:26
OK: Job 'scheduled task 946' (PID: 47139) took 03:26
WARNING: Job 'scheduled task 074' (PID: 71766) took 05:47
Incomplete job scheduled task 016 (PID: 72897)
ERROR: Job 'scheduled task 515' (PID: 45135) took 12:23
OK: Job 'scheduled task 996' (PID: 90962) took 01:55
WARNING: Job 'scheduled task 746' (PID: 98746) took 07:17
OK: Job 'scheduled task 538' (PID: 26831) took 02:12
OK: Job 'scheduled task 536' (PID: 24799) took 00:07
WARNING: Job 'background job sqm' (PID: 99672) took 05:13
OK: Job 'scheduled task 173' (PID: 75164) took 01:04
ERROR: Job 'background job wmy' (PID: 81258) took 14:46
WARNING: Job 'scheduled task 811' (PID: 50295) took 06:35
OK: Job 'scheduled task 386' (PID: 10515) took 01:51
OK: Job 'scheduled task 678' (PID: 96183) took 04:14
OK: Job 'background job cmx' (PID: 55722) took 00:47
OK: Job 'background job djw' (PID: 36709) took 00:50
ERROR: Job 'background job tqc' (PID: 52532) took 13:53
OK: Job 'scheduled task 920' (PID: 34189) took 03:19
OK: Job 'background job ulp' (PID: 60134) took 00:44
WARNING: Job 'scheduled task 294' (PID: 27222) took 06:08
OK: Job 'scheduled task 697' (PID: 32904) took 00:34
OK: Job 'background job wiy' (PID: 81470) took 01:03
ERROR: Job 'scheduled task 182' (PID: 70808) took 33:43
OK: Job 'background job dej' (PID: 90812) took 04:06
OK: Job 'scheduled task 521' (PID: 64591) took 01:50
Incomplete job scheduled task 333 (PID: 72029)
OK: Job 'scheduled task 032' (PID: 37980) took 00:33
ERROR: Job 'scheduled task 460' (PID: 39860) took 19:52
OK: Job 'scheduled task 080' (PID: 67833) took 03:35
OK: Job 'scheduled task 773' (PID: 16168) took 00:16
ERROR: Job 'scheduled task 936' (PID: 62401) took 10:24
OK: Job 'scheduled task 796' (PID: 57672) took 00:07
ERROR: Job 'scheduled task 004' (PID: 22003) took 11:13
OK: Job 'scheduled task 531' (PID: 62922) took 00:49
OK: Job 'scheduled task 188' (PID: 23118) took 00:39
WARNING: Job 'background job xfg' (PID: 86716) took 05:34
OK: Job 'scheduled task 626' (PID: 32674) took 01:26
WARNING: Job 'scheduled task 672' (PID: 24482) took 08:36
ERROR: Job 'scheduled task 064' (PID: 85742) took 12:17
WARNING: Job 'scheduled task 268' (PID: 87228) took 09:28
OK: Job 'background job you' (PID: 38579) took 03:33
ERROR: Job 'scheduled task 051' (PID: 39547) took 11:29
OK: Job 'scheduled task 706' (PID: 33528) took 03:22
